<?xml version="1.0" encoding="UTF-8"?>
<testng-results ignored="0" total="1" passed="1" failed="0" skipped="0">
  <reporter-output>
  </reporter-output>
  <suite started-at="2024-11-25T20:08:15 IST" name="Default suite" finished-at="2024-11-25T20:08:52 IST" duration-ms="37291">
    <groups>
    </groups>
    <test started-at="2024-11-25T20:08:15 IST" name="Default test" finished-at="2024-11-25T20:08:52 IST" duration-ms="37291">
      <class name="com.testingShastra.adduser">
        <test-method is-config="true" signature="setup()[pri:0, instance:com.testingShastra.adduser@78123e82]" started-at="2024-11-25T20:08:15 IST" name="setup" finished-at="2024-11-25T20:08:32 IST" duration-ms="17678" status="PASS">
          <reporter-output>
          </reporter-output>
        </test-method> <!-- setup -->
        <test-method signature="verifyloginAdminUserA()[pri:0, instance:com.testingShastra.adduser@78123e82]" started-at="2024-11-25T20:08:32 IST" name="verifyloginAdminUserA" finished-at="2024-11-25T20:08:52 IST" duration-ms="19342" status="PASS">
          <reporter-output>
          </reporter-output>
        </test-method> <!-- verifyloginAdminUserA -->
        <test-method is-config="true" signature="tearDown()[pri:0, instance:com.testingShastra.adduser@78123e82]" started-at="2024-11-25T20:08:52 IST" name="tearDown" finished-at="2024-11-25T20:08:52 IST" duration-ms="186" status="PASS">
          <reporter-output>
          </reporter-output>
        </test-method> <!-- tearDown -->
      </class> <!-- com.testingShastra.adduser -->
    </test> <!-- Default test -->
  </suite> <!-- Default suite -->
</testng-results>
